生成启动时间为 2019/4/1 21:00:35。
     1>项目“D:\code\VS_project\网购图书系统\网购图书系统\网购图书系统\网购图书系统.vcxproj”在节点 2 上(Build 个目标)。
     1>Link:
         E:\Program Files (x86)\Microsoft Visual Studio 12.0\VC\bin\x86_amd64\link.exe /ERRORREPORT:PROMPT /OUT:"D:\code\VS_project\网购图书系统\网购图书系统\x64\Debug\网购图书系统.exe" /INCREMENTAL /NOLOGO /LIBPATH:"C:/Program Files/MySQL/MySQL Server 5.7/lib" libmysql.lib kernel32.lib user32.lib gdi32.lib winspool.lib comdlg32.lib advapi32.lib shell32.lib ole32.lib oleaut32.lib uuid.lib odbc32.lib odbccp32.lib /MANIFEST /MANIFESTUAC:"level='asInvoker' uiAccess='false'" /manifest:embed /DEBUG /PDB:"D:\code\VS_project\网购图书系统\网购图书系统\x64\Debug\网购图书系统.pdb" /SUBSYSTEM:CONSOLE /TLBID:1 /DYNAMICBASE /NXCOMPAT /IMPLIB:"D:\code\VS_project\网购图书系统\网购图书系统\x64\Debug\网购图书系统.lib" /MACHINE:X64 x64\Debug\adm.obj
         x64\Debug\lib.obj
         x64\Debug\main.obj
         x64\Debug\member.obj
         x64\Debug\mysql.obj
         x64\Debug\record.obj
         x64\Debug\ui.obj
     1>mysql.obj : error LNK2019: 无法解析的外部符号 mysql_set_character_set，该符号在函数 "public: static void __cdecl OprDB::mysqltov(void)" (?mysqltov@OprDB@@SAXXZ) 中被引用
     1>mysql.obj : error LNK2019: 无法解析的外部符号 mysql_init，该符号在函数 "public: static void __cdecl OprDB::initDB(void)" (?initDB@OprDB@@SAXXZ) 中被引用
     1>mysql.obj : error LNK2019: 无法解析的外部符号 mysql_real_connect，该符号在函数 "public: static void __cdecl OprDB::initDB(void)" (?initDB@OprDB@@SAXXZ) 中被引用
     1>mysql.obj : error LNK2019: 无法解析的外部符号 mysql_query，该符号在函数 "public: static void __cdecl OprDB::mysqltov(void)" (?mysqltov@OprDB@@SAXXZ) 中被引用
     1>mysql.obj : error LNK2019: 无法解析的外部符号 mysql_use_result，该符号在函数 "public: static void __cdecl OprDB::mysqltov(void)" (?mysqltov@OprDB@@SAXXZ) 中被引用
     1>mysql.obj : error LNK2019: 无法解析的外部符号 mysql_free_result，该符号在函数 "public: static void __cdecl OprDB::mysqltov(void)" (?mysqltov@OprDB@@SAXXZ) 中被引用
     1>mysql.obj : error LNK2019: 无法解析的外部符号 mysql_fetch_row，该符号在函数 "public: static void __cdecl OprDB::mysqltov(void)" (?mysqltov@OprDB@@SAXXZ) 中被引用
     1>mysql.obj : error LNK2019: 无法解析的外部符号 mysql_close，该符号在函数 "public: static void __cdecl OprDB::destroyDB(void)" (?destroyDB@OprDB@@SAXXZ) 中被引用
     1>D:\code\VS_project\网购图书系统\网购图书系统\x64\Debug\网购图书系统.exe : fatal error LNK1120: 8 个无法解析的外部命令
     1>已完成生成项目“D:\code\VS_project\网购图书系统\网购图书系统\网购图书系统\网购图书系统.vcxproj”(Build 个目标)的操作 - 失败。

生成失败。

已用时间 00:00:00.21
